build/outputs/logs/manifest-merger-debug-report.txt
-- Merging decision tree log ---
manifest
ADDED from com.zkar.pis.remotecontrol\AndroidManifest.xml:2:1-67:12
	package
		ADDED from com.zkar.pis.remotecontrol\AndroidManifest.xml:3:5-41
	android:sharedUserId
		ADDED from com.zkar.pis.remotecontrol\AndroidManifest.xml:4:5-46
	android:versionName
		ADDED from com.zkar.pis.remotecontrol\AndroidManifest.xml:6:5-30
		INJECTED from com.zkar.pis.remotecontrol\AndroidManifest.xml
		INJECTED from com.zkar.pis.remotecontrol\AndroidManifest.xml
	android:versionCode
		ADDED from com.zkar.pis.remotecontrol\AndroidManifest.xml:5:5-28
		INJECTED from com.zkar.pis.remotecontrol\AndroidManifest.xml
		INJECTED from com.zkar.pis.remotecontrol\AndroidManifest.xml
	xmlns:android
		ADDED from com.zkar.pis.remotecontrol\AndroidManifest.xml:2:11-69
uses-sdk
ADDED from com.zkar.pis.remotecontrol\AndroidManifest.xml:8:5-10:41
	android:targetSdkVersion
		ADDED from com.zkar.pis.remotecontrol\AndroidManifest.xml:10:9-38
	android:minSdkVersion
		ADDED from com.zkar.pis.remotecontrol\AndroidManifest.xml:9:9-35
uses-permission#android.permission.CAMERA
ADDED from com.zkar.pis.remotecontrol\AndroidManifest.xml:12:5-65
	android:name
		ADDED from com.zkar.pis.remotecontrol\AndroidManifest.xml:12:22-62
uses-permission#android.permission.CHANGE_WIFI_STATE
ADDED from com.zkar.pis.remotecontrol\AndroidManifest.xml:13:5-76
	android:name
		ADDED from com.zkar.pis.remotecontrol\AndroidManifest.xml:13:22-73
uses-permission#android.permission.WRITE_SECURE_SETTINGS
ADDED from com.zkar.pis.remotecontrol\AndroidManifest.xml:14:5-80
	android:name
		ADDED from com.zkar.pis.remotecontrol\AndroidManifest.xml:14:22-77
uses-permission#android.permission.CLEAR_APP_CACHE
ADDED from com.zkar.pis.remotecontrol\AndroidManifest.xml:15:5-74
	android:name
		ADDED from com.zkar.pis.remotecontrol\AndroidManifest.xml:15:22-71
uses-permission#android.permission.CLEAR_APP_USER_DATA
ADDED from com.zkar.pis.remotecontrol\AndroidManifest.xml:16:5-78
	android:name
		ADDED from com.zkar.pis.remotecontrol\AndroidManifest.xml:16:22-75
uses-permission#android.permission.DELETE_PACKAGES
ADDED from com.zkar.pis.remotecontrol\AndroidManifest.xml:17:5-74
	android:name
		ADDED from com.zkar.pis.remotecontrol\AndroidManifest.xml:17:22-71
uses-permission#android.permission.GET_TASKS
ADDED from com.zkar.pis.remotecontrol\AndroidManifest.xml:18:5-68
	android:name
		ADDED from com.zkar.pis.remotecontrol\AndroidManifest.xml:18:22-65
uses-permission#android.permission.INTERNET
ADDED from com.zkar.pis.remotecontrol\AndroidManifest.xml:19:5-67
	android:name
		ADDED from com.zkar.pis.remotecontrol\AndroidManifest.xml:19:22-64
uses-permission#android.permission.INSTALL_PACKAGES
ADDED from com.zkar.pis.remotecontrol\AndroidManifest.xml:20:5-75
	android:name
		ADDED from com.zkar.pis.remotecontrol\AndroidManifest.xml:20:22-72
uses-permission#android.permission.KILL_BACKGROUND_PROCESSES
ADDED from com.zkar.pis.remotecontrol\AndroidManifest.xml:21:5-84
	android:name
		ADDED from com.zkar.pis.remotecontrol\AndroidManifest.xml:21:22-81
uses-permission#android.permission.MOUNT_UNMOUNT_FILESYSTEMS
ADDED from com.zkar.pis.remotecontrol\AndroidManifest.xml:22:5-84
	android:name
		ADDED from com.zkar.pis.remotecontrol\AndroidManifest.xml:22:22-81
uses-permission#android.permission.RECEIVE_BOOT_COMPLETED
ADDED from com.zkar.pis.remotecontrol\AndroidManifest.xml:23:5-81
	android:name
		ADDED from com.zkar.pis.remotecontrol\AndroidManifest.xml:23:22-78
uses-permission#android.permission.RECORD_AUDIO
ADDED from com.zkar.pis.remotecontrol\AndroidManifest.xml:24:5-71
	android:name
		ADDED from com.zkar.pis.remotecontrol\AndroidManifest.xml:24:22-68
uses-permission#android.permission.READ_EXTERNAL_STORAGE
ADDED from com.zkar.pis.remotecontrol\AndroidManifest.xml:25:5-80
	android:name
		ADDED from com.zkar.pis.remotecontrol\AndroidManifest.xml:25:22-77
uses-permission#android.permission.READ_LOGS
ADDED from com.zkar.pis.remotecontrol\AndroidManifest.xml:26:5-68
	android:name
		ADDED from com.zkar.pis.remotecontrol\AndroidManifest.xml:26:22-65
uses-permission#android.permission.READ_PHONE_STATE
ADDED from com.zkar.pis.remotecontrol\AndroidManifest.xml:27:5-75
	android:name
		ADDED from com.zkar.pis.remotecontrol\AndroidManifest.xml:27:22-72
uses-permission#android.permission.SYSTEM_ALERT_WINDOW
ADDED from com.zkar.pis.remotecontrol\AndroidManifest.xml:28:5-78
	android:name
		ADDED from com.zkar.pis.remotecontrol\AndroidManifest.xml:28:22-75
uses-permission#android.permission.SYSTEM_OVERLAY_WINDOW
ADDED from com.zkar.pis.remotecontrol\AndroidManifest.xml:29:5-80
	android:name
		ADDED from com.zkar.pis.remotecontrol\AndroidManifest.xml:29:22-77
uses-permission#android.permission.WRITE_EXTERNAL_STORAGE
ADDED from com.zkar.pis.remotecontrol\AndroidManifest.xml:30:5-81
	android:name
		ADDED from com.zkar.pis.remotecontrol\AndroidManifest.xml:30:22-78
application
ADDED from com.zkar.pis.remotecontrol\AndroidManifest.xml:32:5-65:19
	android:label
		ADDED from com.zkar.pis.remotecontrol\AndroidManifest.xml:36:9-41
	android:allowBackup
		ADDED from com.zkar.pis.remotecontrol\AndroidManifest.xml:34:9-35
	android:icon
		ADDED from com.zkar.pis.remotecontrol\AndroidManifest.xml:35:9-45
	android:theme
		ADDED from com.zkar.pis.remotecontrol\AndroidManifest.xml:37:9-67
	android:name
		ADDED from com.zkar.pis.remotecontrol\AndroidManifest.xml:33:9-64
activity#com.zkar.pis.remotecontrol.MainActivity
ADDED from com.zkar.pis.remotecontrol\AndroidManifest.xml:38:9-46:20
	android:label
		ADDED from com.zkar.pis.remotecontrol\AndroidManifest.xml:40:13-45
	android:name
		ADDED from com.zkar.pis.remotecontrol\AndroidManifest.xml:39:13-67
intent-filter#android.intent.action.MAIN+android.intent.category.LAUNCHER
ADDED from com.zkar.pis.remotecontrol\AndroidManifest.xml:41:13-45:29
action#android.intent.action.MAIN
ADDED from com.zkar.pis.remotecontrol\AndroidManifest.xml:42:17-69
	android:name
		ADDED from com.zkar.pis.remotecontrol\AndroidManifest.xml:42:25-66
category#android.intent.category.LAUNCHER
ADDED from com.zkar.pis.remotecontrol\AndroidManifest.xml:44:17-77
	android:name
		ADDED from com.zkar.pis.remotecontrol\AndroidManifest.xml:44:27-74
receiver#com.zkar.pis.remotecontrol.RCBootBroadcastReceiver
ADDED from com.zkar.pis.remotecontrol\AndroidManifest.xml:48:9-58:20
	android:name
		ADDED from com.zkar.pis.remotecontrol\AndroidManifest.xml:48:19-84
intent-filter#android.intent.action.BOOT_COMPLETED+android.intent.action.DETECTION_UPDATES
ADDED from com.zkar.pis.remotecontrol\AndroidManifest.xml:49:13-52:29
action#android.intent.action.BOOT_COMPLETED
ADDED from com.zkar.pis.remotecontrol\AndroidManifest.xml:50:17-79
	android:name
		ADDED from com.zkar.pis.remotecontrol\AndroidManifest.xml:50:25-76
action#android.intent.action.DETECTION_UPDATES
ADDED from com.zkar.pis.remotecontrol\AndroidManifest.xml:51:17-82
	android:name
		ADDED from com.zkar.pis.remotecontrol\AndroidManifest.xml:51:25-79
intent-filter#android.intent.action.PACKAGE_ADDED
ADDED from com.zkar.pis.remotecontrol\AndroidManifest.xml:54:13-57:29
action#android.intent.action.PACKAGE_ADDED
ADDED from com.zkar.pis.remotecontrol\AndroidManifest.xml:55:17-78
	android:name
		ADDED from com.zkar.pis.remotecontrol\AndroidManifest.xml:55:25-75
data
ADDED from com.zkar.pis.remotecontrol\AndroidManifest.xml:56:17-50
	android:scheme
		ADDED from com.zkar.pis.remotecontrol\AndroidManifest.xml:56:23-47
service#com.zkar.pis.remotecontrol.MyService
ADDED from com.zkar.pis.remotecontrol\AndroidManifest.xml:60:9-64:19
	android:name
		ADDED from com.zkar.pis.remotecontrol\AndroidManifest.xml:60:18-69
intent-filter#com.zkar.pis.MySocketService
ADDED from com.zkar.pis.remotecontrol\AndroidManifest.xml:61:13-63:29
action#com.zkar.pis.MySocketService
ADDED from com.zkar.pis.remotecontrol\AndroidManifest.xml:62:17-71
	android:name
		ADDED from com.zkar.pis.remotecontrol\AndroidManifest.xml:62:25-68